保洁
学宝
春瑛
玲谷
婧伊
瑶孜
惟妍
喀婷
家倩
铜花
鄞颖
葳茹
婷之
鹏茹
荣鑫
彬裴
佳良
荣智
婧银
倪嫣
劲雪
环芳
琏英
额娜
际玉
荥莹
甩英
怡景
瑚琳
俊贤
濠瑛
徽琴
银泓
雨滩
溥霞
娅淼
羚嫣
伦梅
影婵
娟瑛
庆科
裕泰
萍凤
子婵
星河
莹绮
宁英
雅艳
留根
艺涵
娜那
遵玲
濡婷
丫茹
鸳燕
小芳
婷柚
宁花
若希
婵树
佳怡
重器
充文
广燕
壹莹
盏花
兴霞
黄悦
凰琼
薰妍
娜志
瑶顺
婧莛
霁婧
旭琳
悦星
宇峰
心燕
辞芳
五英
琳戈
敏玉
芊红
瑶出
竟妍
嫣亚
莹朵
妍丞
俪文
宁芬
澜蓉
亚宁
智穗
登冉
莹爱
瑶卉
荆洁
叶冉
琴彬
灞婧
萍焰
晓文
超冉
时红
介萍
畅瑶
志琼
嫣姬
娜瑞
裴志
子轩
福婵
学娅
莹菱
芬福
鞠英
丁玉
修雪
丹英
建云
妍牟
豆蓉
偌英
关玲
掉霞
玲方
民丽
赝文
琴芬
沐霞
君秀
燕丹
倩嘉
茹睛
桂红
古梅
复红
恝棋
莠娜
琳蔼
族娟
佟莉
元方
飞雅
倩山
奎茹
怡学
娅诺
靖茹
必琳
园花
妍凝
湖倩
梅霞
银莹
八瑶
辰怡
才玉
峰梅
钰嫣
幸云
莰婷
四花
媛平
浸冉
雯婧
片红
黛琼
宛淑
绛雪
舟冉
诺嫣
廉蓉
江倩
近蓉
晋婵
琴娴
乌艳
蓉梦
倩易
紫娅
喜芬
悦初
菲瑛
影丽
谱兆
喻萍
跃娥
尊妹
九红
娜坭
秀玫
若馨
娟鹛
变雪
汐瑶
煌莹
柏冉
济瑛
英莉
建成
博花
琳黛
妍映
旭萍
丽雪
帧萍
辰蓉
妹莲
铁良
柯文
娅佩
萍祖
靖丽
萍建
汐秀
娅洪
莹地
莓玲
孔雪
明悦
少萍
富裴
函莹
昭悦
补英
芩玲
雨妍
苇芳
谷芳
婧宝
剑红
喻艳
弋婧
隆海
蓉雅
芬蔼
边玲
祖倩
地琼
紫琼
蕙颖
聪颖
为芳
秀莲
伶妍
许悦
桓英
浩宇
秀竹
宣丽
潮芳
富玉
怡豫
洲琼
宸燕
登洁
峥红
晓蓉
婧炎
胡嘉
婧红
霞静
妍彬
怡希
莫冉
谨玉
薇婧
谚雪
黄嫣
玲坤
格妍
溪花
隽丽
纪燕
玲川
薏妍
希颖
翠娟
绛秀
镜雯
霞蔚
妍寒
沪芳
远颖
娥媚
越娜
蝉燕
轩嘉
婷莹
萍轩
计娟
穸妍
晨悦
莹校
苗芳
为娟
萍萧
婧佶
强燕
鹿怡
泽慧
霞曼
嘉航
祥文
睛文
玲鸯
倩倪
瑛凝
硕怡
露萍
越美
夙梅
娅洁
慧秀
虹融
敏弈
镁梅
琬琳
圆悦
婷与
琰倩
海文
振涛
谋婵
熊琼
佳晨
瑶玮
恭婷
水蓉
琳将
莹聿
绚莹
觐花
杰致
粉琼
秀翊
沁冉
便娜
曦婧
代红
玲桂
的丽
嫣虹
婧薪
杨芳
恩娅
羿玉
妍汾
谰嫣
位玉
蓉桓
麒红
玲洁
婧倪
艳燕
吟婵
礼瑛
建安
泽号
浣文
嫣妮
鉴怡
跃冉
蒋霞
瑛麟
纬悦
古娜
瑰茹
汀雪
再明
辰梅
蓉吉
文昊
发梅
庭茹
琳瑷
征蓉
为红
娜昌
弟芬
娅儒
怡妣
蔼瑶
卓芬
亲颖
栋萍
艾霞
秀池
向羽
龚怡
荀玉
纾倩
皑美
网琴
作芬
昌颖
靖竹
茹艾
霞云
慷文
超花
灏瑛
蔼梅
盈冉
绪颖
嘉惠
佳婵
婵乙
竟悦
签怡
媛霖
娟莱
其琴
蓉萱
凡红
泉芬
漾丽
前玉
妞雨
凤娥
转怀
胱丽
瀛悦
薪萍
雅倩
祺莹
秀聿
瑞萍
悦缘
椿娥
溪莹
栅蓉
卓裴
丘妍
渝青
茹礼
革芳
倩寻
谚文
娟宇
玫倩
劭冉
浒燕
睛芳
海吟
对花
诺芬
烨洁
江涌
愫芬
菁莹
怡辞
俊洁
柽娜
尊娟
文胜
划速
薛梅
诗妍
赛琼
锦媛
品源
贵颖
品婧
婵柳
嫣玫
孝秀
颉文
牡芬
佑宸
如燕
悦校
婵旖
帛文
叶瑛
悦灿
君燕
含芬
敦英
媛铃
虹玉
怡泳
谢文
岚婧
娅郡
妍君
八雪
瑛赐
燕栏
潮红
白花
转琼
警花
秀屺
思燕
亘洁
琴薏
燕馨
丫娅
星瀚
衷其
睿燕
慈文
哓婵
芷倩
伟娟
蚌萍
萍莲
星臣
梦涵
浅诺
圩莹
斌雪
将艳
媛原
芬茹
蓉泽
蓉妗
涵洁
明燕
寅江
琳又
宫瑛
文耕
乐妍
晁祖
卓娟
偌文
一清
尢琳
联琴
蘅莹
茹博
旖琳
化萍
源秀
玲鹦
婷芸
赢燕
嫣非
朝娟
奠英
革琳
长莉
瑶芸
佰瑛
霈琳
惠悦
棋秀
霞妃
更娟
妍郡
金娟
境妍
莘娅
茹缘
逞文
娴艳
昱辰
连婧
砚芬
吉莹
洇文
摸婧
帼梅
荐霞
辞妹
宝娜
晗运
秀星
辞文
燕远
瑰萍
瑶钦
沁蓉
琴扬
石文
胜英
霞春
琳芮
好雪
宏超
斯渝
艺灵
怡潭
秀婉
雀凯
贰梅
娜鄄
怡心
粒媛
作明
信嫣
皓萍
开婷
园婧
香雪
苔玲
谨燕
大娥
梁丽
覃雪
雨田
宪娥
丹萍
绒茹
咏艳
娟佳
琳琰
智雪
中礼
长嫣
泺岽
樊玉
华花
烨瑶
锌婷
亭倩
巾洁
嫣禅
羌茹
馨文
燕羽
皙茹
垭洁
悦晋
妍伏
冈瑶
格花
熊英
洳倩
烁汁
小虎
硕燕
还文
秀丞
莉沅
淑芝
耀英
莉郴
秀棋
夜霞
三秀
怡鲁
麒玉
栏茹
梁翰
秀君
琳浊
坤洁
瑾瑛
妍凰
莹演
娴丽
建妍
夹倩
谢秀
晓红
庄瑛
本玲
力燕
媛麟
倩格
熳怡
芬喜
净蓉
氨倩
宣瑛
咪莹
燕郡
介玉
掸玲
燕荧
骊梅
作海
婧莞
霞霖
叶艳
哓嫣
悦炎
桥娜
婷叻
函倩
月冉
媛婧
涌朗
莹杰
夙悦
琼莉
妍怡
秀艳
镜悠
琳均
寒英
妍瀛
佩娟
校莉
裴皓
丫娜
坊颖
秉玲
衡娜
萍匀
黛花
盛琴
灵颖
礼娅
娅謦
俑妍
绮娟
星娟
梦梅
倩烨
想蓉
娣颖
艺峻
虞淼
泳梅
裴鲜
副文
瀚洁
灵贺
光娅
子菲
礼霞
莫颖
丁妍
艳莉
桐婵
隆霞
久丽
宵妍
秀宇
霞宾
富芳
鹏浩
裴杰
悦昕
丞春
媛粱
辞萍
欢瑶
舒芳
蓉荪
才琳
翠娜
燕璧
辰秀
经萍
松雪
公丽
键美
悦丫
娅羽
恢蓉
婷溪
怡谆
中琼
粗琼
野同
学茹
惟秀
怡约
懿瑶
萍燕
莹婧
炳琴
乾雪
娜苏
圆妍
皎雪
宇秀
妍琛
闻元
廷婧
代英
瑶宇
修婧
回英
茹襄
天峻
至文
健悦
蜀东
毛婷
唇花
霁玲
炯茹
斐倩
倩娟
功瑛
翅娥
媛朵
酩美
妍婉
弼莹
梁阁
瑶兰
冠诚
沛文
嫣洪
刻丽
泓梅
瑶轩
玲奋
冰霞
仪婵
尔倩
成妍
娜宛
裴嘉
博倩
洪英
晶萍
悦葑
建秀
歆琴
玢妍
垭文
培玉
梓英
渲悦
璐洁
肖燕
嫣谨
参妍
苑琴
婵谙
蓉壹
小悦
娅歆
虹婷
志疆
瑶时
逞红
德秀
燕柠
姗花
恩颖
琳澄
溪媛
晋霞
崇婷
哎妹
伟克
隶文
付蓉
志英
垭英
茹茹
悦霖
兰花
钱媛
纾仪
传莹
瑶刚
娅格
长煜
婵羽
鹿秀
占燕
子昕
柯燕
红洁
倩宸
桑妍
媛宝
静雅
琴之
燕岚
苓嫣
怡典
潇玲
鲢梅
琴昆
赋妍
莓莹
娇妍
婷越
倩驿
怡醇
靖卉
茹樱
蓉帼
红钰
靓嫣
璋英
妍刀
沛菡
小裴
绪伟
悦芯
恒娥
莹恩
簿文
愿怡
婵航
潞琴
瑛果
悦俨
琴瞳
谨婧
妍沁
燕绫
笑瑛
八英
洛洛
国义
怡孜
师颖
金泽
紫花
汶琴
媛华
哓蓉
倩苇
金霞
琴蕊
秀番
亲燕
波红
姬娥
朝婷
风霞
步琴
妍习
菁铖
庆媛
京丽
娜银
悦春
岸萍
喜双
怀玲
画婷
里燕
媛莼
谦婷
晓叶
怡霭
淡美
珍琪
倩灵
丹文
绚琳
婧凼
运娥
鹏翔
俊松
止悦
兮宸
棋丽
璧颖
畅红
四琼
仲颖
波婧
珂颖
莞婷
洽妍
鹳琼
娟楣
冬妹
慈玲
卫红
妍芸
荪怡
奕婷
杨文
蓉晴
佳芬
倩谦
洌娜
琳皓
房玉
琪茹
蓉蓉
换洁
占莉
绣霞
蓉疆
琴粉
鼎芳
木丽
淡婧
丰玲
霄洁
明颖
功雪
成萍
芫琴
芬莹
莅霞
况颖
娅书
尊霞
宾红
吻婧
瑶淑
莲鑫
裴静
娅婴
逍文
吉颖
霄丽
函瑛
权芳
哈悦
娥月
幕洁
一苒
蓉瑜
金鹏
铃燕
悦侬
火漾
沁燕
妍酆
戴玉
慧悦
敞文
夕丽
熳倩
晨圭
倩婴
玲斗
迎春
执霞
增英
皓仪
金怡
玉环
伯英
娟燕
珂茹
丕花
琳昌
蓉绣
佩霞
蓦琳
定文
婷妆
郴玲
苓蓉
昊伟
颖文
仕薏
醒秀
欢文
芊茹
靖文
悦俪
回芳
荆玉
瑶冰
儿萍
泊婧
泽怡
凡嫣
娜漪
后芬
秀佳
昕玉
旋娜
怡冰
中怡
娟女
子杰
怡韵
重琼
驰翔
婷琦
镇泓
谳嫣
倩萱
雯妍
悦娉
谷雪
婷洲
栅琳
娅坊
笙钧
铂文
铬芳
瑛娈
琳洳
嫣仔
妍劭
燕卿
娟婵
馨娥
宾芳
界琼
六梅
蓉竹
立莹
妩妍
续文
漂雪
妍葸
娅莺
竞妍
霞琪
娥芬
河琴
琴雯
燕分
娅民
媚娜
薏瑛
变娥
嘉寒
才梅
婧晶
会中
雅妍
怡缓
