佚
琰
震
飞
煦
座
处
凤
研
唬
卓
斌
宛
轲
冀
长
芯
卡
巾
坤
璐
红
菝
成
姝
平
谰
一
瑾
伟
佩
旌
多
嚎
强
澍
娥
峪
慈
琳
翰
笛
庭
皋
许
江
远
刀
玉
钰
阳
晶
元
雪
躇
丽
烨
帅
倍
西
麒
霖
诒
歆
勰
涌
菊
壹
弈
胖
晨
画
侃
嘏
料
妩
妍
详
鲮
召
值
漾
开
荣
蓉
璇
溪
佳
娅
彩
果
日
郏
鼎
巍
焕
傲
军
咏
裴
姜
昊
宾
瀚
慧
波
桦
镜
惠
媾
宏
同
峻
娟
奔
驭
淖
春
丹
莲
女
难
妞
萱
特
含
聪
钢
甬
飘
菡
草
耗
绪
宇
烁
婷
婧
姊
洁
彦
倩
北
森
愿
炜
壕
彪
鄢
胤
冲
礼
督
姓
州
耕
灏
爽
粥
硕
诗
竹
叙
姿
笑
践
宸
瞳
豆
鹏
卒
台
杰
丞
妮
秭
霏
苹
毓
福
三
虹
喜
专
玮
丰
莺
晗
赢
博
锌
拥
兰
易
心
蒿
铄
花
蔷
艳
戈
冬
姣
颢
葭
今
畅
鹿
皓
嘉
镐
嗥
淠
欢
澜
楷
壅
熙
潜
燃
悠
紫
泳
方
炳
刚
克
旋
粉
而
都
杨
英
誉
铮
驾
彤
华
昱
懿
霞
澡
喁
墉
旎
姗
梅
朵
凯
育
坊
瑛
超
涛
郦
妤
琴
冉
宴
拨
仔
京
轩
铂
明
浓
娇
金
沁
男
宝
玲
迩
韩
雯
骏
兴
馨
垭
影
斯
悦
敬
瑜
菁
均
岚
沛
昕
修
静
琛
展
钦
回
讯
文
定
迦
骢
婵
中
俐
打
航
仰
鹊
桐
赫
菲
朔
施
茗
茄
锦
卢
佴
灸
号
海
鸭
颖
智
芳
嫣
健
姬
芩
啸
牛
彻
峰
锐
续
岷
莹
力
斐
芬
萍
澎
雍
苓
仪
冰
随
蔺
翠
盈
辉
洲
如
源
儿
凡
兵
炼
爱
铃
尘
旭
濠
骁
晴
晋
志
恩
茹
凰
梓
宁
圆
兽
诚
曼
邹
怡
暖
惨
涵
子
顺
靖
琼
柏
织
奕
迎
剑
威
增
童
柯
迅
星
桥
括
小
琪
豪
荻
二
俊
家
栏
佼
帆
东
侬
翊
首
飙
迪
燕
淼
岬
德
张
珊
来
勖
立
堙
狸
信
吟
建
仲
裕
函
勃
策
厚
盛
